
> kcontext@0.1.0 cli /Users/kihoon/Documents/Project/kcontext
> tsx src/cli/index.ts ingest run --video-ids-file .cache/sebasi15-video-ids-smoke.txt --batch-size 150 --checkpoint .cache/ingestion-sebasi15-smoke.json --max-retries 2 --retry-base-ms 200

[dotenv@17.3.1] injecting env (4) from .env.local -- tip: ⚙️  override existing env vars with { override: true }
[dotenv@17.3.1] injecting env (0) from .env -- tip: ⚙️  load multiple .env files with { path: ['.env.local', '.env'] }
[start] iEAfubT7I0c
[done] iEAfubT7I0c segments=837 chunks=204
[start] hBEqerShrWw
[done] hBEqerShrWw segments=379 chunks=86
[start] i7MZVhsCJcU
[done] i7MZVhsCJcU segments=345 chunks=92
[start] 04y5R6N8m0M
[done] 04y5R6N8m0M segments=742 chunks=167
[start] bTb2Y9n7Es4
[done] bTb2Y9n7Es4 segments=384 chunks=107
[start] kp8L0RFnhZg
[done] kp8L0RFnhZg segments=365 chunks=105
[start] M_WAxmVKz54
[done] M_WAxmVKz54 segments=1391 chunks=263
[start] uZjEeuxJ4XY
[done] uZjEeuxJ4XY segments=474 chunks=113
[start] WPmxulJTKZc
[done] WPmxulJTKZc segments=376 chunks=109
[start] iinjbdJLSas
[done] iinjbdJLSas segments=433 chunks=113
[start] qNnBA96Ys9o
[done] qNnBA96Ys9o segments=467 chunks=110
[start] bynU81TSbDU
[done] bynU81TSbDU segments=356 chunks=100
[start] bxy16hN4AJE
[done] bxy16hN4AJE segments=515 chunks=111
[start] gkmPuuCNXfc
[done] gkmPuuCNXfc segments=264 chunks=73
[start] XAJr8X1-9ag
[done] XAJr8X1-9ag segments=424 chunks=101
[start] YhdMrelOre0
[done] YhdMrelOre0 segments=1002 chunks=227
[start] Aj1lWvY6mxk
[done] Aj1lWvY6mxk segments=366 chunks=102
[start] f630D5j4otA
[done] f630D5j4otA segments=424 chunks=110
[start] vkZZSTCd880
[done] vkZZSTCd880 segments=352 chunks=79
[start] sa2VmLg3Q04
[done] sa2VmLg3Q04 segments=397 chunks=107
[start] gWWxg79PXlQ
[done] gWWxg79PXlQ segments=369 chunks=92
[start] YxQKcSHfz24
[done] YxQKcSHfz24 segments=843 chunks=210
[start] baXboLRfFqM
[done] baXboLRfFqM segments=317 chunks=91
[start] bMXo6JQn4o4
[done] bMXo6JQn4o4 segments=343 chunks=89
[start] cnYXHXadH28
[done] cnYXHXadH28 segments=732 chunks=145
[start] CeC3T-nCO_M
[done] CeC3T-nCO_M segments=317 chunks=88
[start] MEY5HBpLoLA
[done] MEY5HBpLoLA segments=331 chunks=97
[start] rnZjuk14-Sk
[done] rnZjuk14-Sk segments=1341 chunks=227
[start] U5t-YTtLg_0
[done] U5t-YTtLg_0 segments=447 chunks=118
[start] m0t-ovRfSEg
[done] m0t-ovRfSEg segments=412 chunks=102
[start] nhNGqexQ2RM
[done] nhNGqexQ2RM segments=354 chunks=90
[start] 9lwj5CBxkRg
[done] 9lwj5CBxkRg segments=366 chunks=96
[start] 37wMJXp6YVU
[done] 37wMJXp6YVU segments=956 chunks=192
[start] adkAELmp3P8
[done] adkAELmp3P8 segments=170 chunks=83
[start] oOeMeV8fuYI
[done] oOeMeV8fuYI segments=433 chunks=109
[start] bKbo8Rr5Y_0
[done] bKbo8Rr5Y_0 segments=520 chunks=118
[start] yvKayh1wzCg
[done] yvKayh1wzCg segments=504 chunks=147
[start] HyrIYjMMHe8
[done] HyrIYjMMHe8 segments=130 chunks=36
[start] H9NClKPAlHs
[done] H9NClKPAlHs segments=313 chunks=68
[start] TWZjyKNYG7o
[done] TWZjyKNYG7o segments=199 chunks=59
Ingestion complete. processed=40 skipped=0 failed=0
